0 verbose cli /usr/local/bin/node /usr/local/bin/npm
1 info using npm@8.11.0
2 info using node@v16.16.0
3 timing npm:load:whichnode Completed in 1ms
4 timing config:load:defaults Completed in 7ms
5 timing config:load:file:/usr/local/lib/node_modules/npm/npmrc Completed in 3ms
6 timing config:load:builtin Completed in 4ms
7 warn config production Use `--omit=dev` instead.
8 timing config:load:cli Completed in 9ms
9 timing config:load:env Completed in 1ms
10 timing config:load:file:/data/.npmrc Completed in 1ms
11 timing config:load:project Completed in 23ms
12 timing config:load:file:/root/.npmrc Completed in 0ms
13 timing config:load:user Completed in 1ms
14 timing config:load:file:/usr/local/etc/npmrc Completed in 4ms
15 timing config:load:global Completed in 4ms
16 timing config:load:validate Completed in 1ms
17 timing config:load:credentials Completed in 4ms
18 timing config:load:setEnvs Completed in 4ms
19 timing config:load Completed in 70ms
20 timing npm:load:configload Completed in 70ms
21 timing npm:load:mkdirpcache Completed in 4ms
22 timing npm:load:mkdirplogs Completed in 1ms
23 verbose title npm install node-red-contrib-stoptimer@0.0.7
24 verbose argv "install" "--no-audit" "--no-update-notifier" "--no-fund" "--save" "--save-prefix" "~" "--production" "--engine-strict" "node-red-contrib-stoptimer@0.0.7"
25 timing npm:load:setTitle Completed in 5ms
26 timing config:load:flatten Completed in 13ms
27 timing npm:load:display Completed in 20ms
28 verbose logfile logs-max:10 dir:/data/.npm/_logs
29 verbose logfile /data/.npm/_logs/2023-03-09T22_27_20_712Z-debug-0.log
30 timing npm:load:logFile Completed in 19ms
31 timing npm:load:timers Completed in 1ms
32 timing npm:load:configScope Completed in 1ms
33 timing npm:load Completed in 124ms
34 timing arborist:ctor Completed in 2ms
35 silly logfile start cleaning logs, removing 1 files
36 silly logfile done cleaning log files
37 timing idealTree:init Completed in 50ms
38 timing idealTree:userRequests Completed in 11ms
39 silly idealTree buildDeps
40 silly fetch manifest node-red-contrib-stoptimer@0.0.7
41 timing arborist:ctor Completed in 1ms
42 http fetch GET 200 https://registry.npmjs.org/node-red-contrib-stoptimer 1096ms (cache miss)
43 silly placeDep ROOT node-red-contrib-stoptimer@0.0.7 OK for: node-red-project@0.0.1 want: 0.0.7
44 timing idealTree:#root Completed in 1130ms
45 timing idealTree:node_modules/node-red-contrib-stoptimer Completed in 0ms
46 timing idealTree:buildDeps Completed in 1134ms
47 timing idealTree:fixDepFlags Completed in 2ms
48 timing idealTree Completed in 1200ms
49 timing reify:loadTrees Completed in 1203ms
50 timing reify:diffTrees Completed in 5ms
51 silly reify moves {}
52 timing reify:retireShallow Completed in 3ms
53 timing reify:createSparse Completed in 4ms
54 timing reify:trashOmits Completed in 1ms
55 timing reify:loadBundles Completed in 0ms
56 silly tarball no local data for node-red-contrib-stoptimer@https://registry.npmjs.org/node-red-contrib-stoptimer/-/node-red-contrib-stoptimer-0.0.7.tgz. Extracting by manifest.
57 http fetch GET 200 https://registry.npmjs.org/node-red-contrib-stoptimer/-/node-red-contrib-stoptimer-0.0.7.tgz 341ms (cache miss)
58 timing reifyNode:node_modules/node-red-contrib-stoptimer Completed in 359ms
59 timing reify:unpack Completed in 359ms
60 timing reify:unretire Completed in 0ms
61 timing build:queue Completed in 1ms
62 timing build:deps Completed in 2ms
63 timing build Completed in 4ms
64 timing reify:build Completed in 4ms
65 timing reify:trash Completed in 0ms
66 timing reify:save Completed in 22ms
67 timing reify Completed in 1627ms
68 silly ADD node_modules/node-red-contrib-stoptimer
69 timing command:install Completed in 1639ms
70 verbose exit 0
71 timing npm Completed in 1991ms
72 info ok
