0 verbose cli /usr/local/bin/node /usr/local/bin/npm
1 info using npm@8.19.4
2 info using node@v16.20.2
3 timing npm:load:whichnode Completed in 0ms
4 timing config:load:defaults Completed in 7ms
5 timing config:load:file:/usr/local/lib/node_modules/npm/npmrc Completed in 26ms
6 timing config:load:builtin Completed in 27ms
7 timing config:load:cli Completed in 11ms
8 timing config:load:env Completed in 1ms
9 timing config:load:file:/data/.npmrc Completed in 1ms
10 timing config:load:project Completed in 40ms
11 timing config:load:file:/root/.npmrc Completed in 1ms
12 timing config:load:user Completed in 2ms
13 timing config:load:file:/usr/local/etc/npmrc Completed in 19ms
14 timing config:load:global Completed in 20ms
15 timing config:load:validate Completed in 1ms
16 timing config:load:credentials Completed in 35ms
17 timing config:load:setEnvs Completed in 17ms
18 timing config:load Completed in 180ms
19 timing npm:load:configload Completed in 181ms
20 timing npm:load:mkdirpcache Completed in 23ms
21 timing npm:load:mkdirplogs Completed in 5ms
22 verbose title npm remove node-red-contrib-stoptimer
23 verbose argv "remove" "--no-audit" "--no-update-notifier" "--no-fund" "--save" "node-red-contrib-stoptimer"
24 timing npm:load:setTitle Completed in 12ms
25 timing config:load:flatten Completed in 43ms
26 timing npm:load:display Completed in 48ms
27 verbose logfile logs-max:10 dir:/data/.npm/_logs
28 verbose logfile /data/.npm/_logs/2024-02-28T17_13_42_109Z-debug-0.log
29 timing npm:load:logFile Completed in 75ms
30 timing npm:load:timers Completed in 0ms
31 timing npm:load:configScope Completed in 1ms
32 timing npm:load Completed in 351ms
33 timing arborist:ctor Completed in 4ms
34 silly logfile start cleaning logs, removing 9 files
35 timing idealTree:init Completed in 3259ms
36 timing idealTree:userRequests Completed in 13ms
37 silly idealTree buildDeps
38 timing idealTree:#root Completed in 1ms
39 timing idealTree:buildDeps Completed in 11ms
40 timing idealTree:fixDepFlags Completed in 152ms
41 timing idealTree Completed in 3485ms
42 silly logfile done cleaning log files
43 timing arborist:ctor Completed in 12ms
44 timing reify:loadTrees Completed in 6481ms
45 timing reify:diffTrees Completed in 51ms
46 silly reify mark retired [ '/data/node_modules/node-red-contrib-stoptimer' ]
47 silly reify moves {
47 silly reify   '/data/node_modules/node-red-contrib-stoptimer': '/data/node_modules/.node-red-contrib-stoptimer-5W71Hp72'
47 silly reify }
48 timing reify:retireShallow Completed in 41ms
49 timing reify:createSparse Completed in 0ms
50 timing reify:loadBundles Completed in 0ms
51 timing reify:unpack Completed in 1ms
52 timing reify:unretire Completed in 3ms
53 timing build:queue Completed in 0ms
54 timing build:deps Completed in 2ms
55 timing build Completed in 4ms
56 timing reify:build Completed in 6ms
57 timing reify:trash Completed in 36ms
58 timing reify:save Completed in 977ms
59 timing reify Completed in 7999ms
60 silly REMOVE node_modules/node-red-contrib-stoptimer
61 timing command:remove Completed in 8021ms
62 verbose exit 0
63 timing npm Completed in 9006ms
64 info ok
