0 verbose cli /usr/local/bin/node /usr/local/bin/npm
1 info using npm@8.19.4
2 info using node@v16.20.2
3 timing npm:load:whichnode Completed in 1ms
4 timing config:load:defaults Completed in 9ms
5 timing config:load:file:/usr/local/lib/node_modules/npm/npmrc Completed in 54ms
6 timing config:load:builtin Completed in 55ms
7 timing config:load:cli Completed in 18ms
8 timing config:load:env Completed in 2ms
9 timing config:load:file:/data/.npmrc Completed in 1ms
10 timing config:load:project Completed in 12ms
11 timing config:load:file:/root/.npmrc Completed in 2ms
12 timing config:load:user Completed in 4ms
13 timing config:load:file:/usr/local/etc/npmrc Completed in 9ms
14 timing config:load:global Completed in 9ms
15 timing config:load:validate Completed in 2ms
16 timing config:load:credentials Completed in 4ms
17 timing config:load:setEnvs Completed in 8ms
18 timing config:load Completed in 126ms
19 timing npm:load:configload Completed in 128ms
20 timing npm:load:mkdirpcache Completed in 10ms
21 timing npm:load:mkdirplogs Completed in 7ms
22 verbose title npm remove node-red-contrib-kore-whatsappbot
23 verbose argv "remove" "--no-audit" "--no-update-notifier" "--no-fund" "--save" "node-red-contrib-kore-whatsappbot"
24 timing npm:load:setTitle Completed in 6ms
25 timing config:load:flatten Completed in 19ms
26 timing npm:load:display Completed in 29ms
27 verbose logfile logs-max:10 dir:/data/.npm/_logs
28 verbose logfile /data/.npm/_logs/2024-02-28T17_16_20_278Z-debug-0.log
29 timing npm:load:logFile Completed in 28ms
30 timing npm:load:timers Completed in 0ms
31 timing npm:load:configScope Completed in 0ms
32 timing npm:load Completed in 213ms
33 timing arborist:ctor Completed in 4ms
34 silly logfile start cleaning logs, removing 1 files
35 silly logfile done cleaning log files
36 timing idealTree:init Completed in 2774ms
37 timing idealTree:userRequests Completed in 29ms
38 silly idealTree buildDeps
39 timing idealTree:#root Completed in 4ms
40 timing idealTree:buildDeps Completed in 9ms
41 timing idealTree:fixDepFlags Completed in 146ms
42 timing idealTree Completed in 2998ms
43 timing arborist:ctor Completed in 4ms
44 timing reify:loadTrees Completed in 5187ms
45 timing reify:diffTrees Completed in 49ms
46 silly reify mark retired [ '/data/node_modules/@adiwajshing/baileys' ]
47 silly reify mark retired [ '/data/node_modules/@babel/runtime' ]
48 silly reify mark retired [ '/data/node_modules/@google-cloud/text-to-speech' ]
49 silly reify mark retired [ '/data/node_modules/@grpc/grpc-js' ]
50 silly reify mark retired [
50 silly reify   '/data/node_modules/@grpc/proto-loader',
50 silly reify   '/data/node_modules/.bin/proto-loader-gen-types'
50 silly reify ]
51 silly reify mark retired [ '/data/node_modules/@hapi/boom' ]
52 silly reify mark retired [ '/data/node_modules/@hapi/hoek' ]
53 silly reify mark retired [ '/data/node_modules/@jimp/bmp' ]
54 silly reify mark retired [ '/data/node_modules/@jimp/core' ]
55 silly reify mark retired [ '/data/node_modules/@jimp/custom' ]
56 silly reify mark retired [ '/data/node_modules/@jimp/gif' ]
57 silly reify mark retired [ '/data/node_modules/@jimp/jpeg' ]
58 silly reify mark retired [ '/data/node_modules/@jimp/plugin-blit' ]
59 silly reify mark retired [ '/data/node_modules/@jimp/plugin-blur' ]
60 silly reify mark retired [ '/data/node_modules/@jimp/plugin-circle' ]
61 silly reify mark retired [ '/data/node_modules/@jimp/plugin-color' ]
62 silly reify mark retired [ '/data/node_modules/@jimp/plugin-contain' ]
63 silly reify mark retired [ '/data/node_modules/@jimp/plugin-cover' ]
64 silly reify mark retired [ '/data/node_modules/@jimp/plugin-crop' ]
65 silly reify mark retired [ '/data/node_modules/@jimp/plugin-displace' ]
66 silly reify mark retired [ '/data/node_modules/@jimp/plugin-dither' ]
67 silly reify mark retired [ '/data/node_modules/@jimp/plugin-fisheye' ]
68 silly reify mark retired [ '/data/node_modules/@jimp/plugin-flip' ]
69 silly reify mark retired [ '/data/node_modules/@jimp/plugin-gaussian' ]
70 silly reify mark retired [ '/data/node_modules/@jimp/plugin-invert' ]
71 silly reify mark retired [ '/data/node_modules/@jimp/plugin-mask' ]
72 silly reify mark retired [ '/data/node_modules/@jimp/plugin-normalize' ]
73 silly reify mark retired [ '/data/node_modules/@jimp/plugin-print' ]
74 silly reify mark retired [ '/data/node_modules/@jimp/plugin-resize' ]
75 silly reify mark retired [ '/data/node_modules/@jimp/plugin-rotate' ]
76 silly reify mark retired [ '/data/node_modules/@jimp/plugin-scale' ]
77 silly reify mark retired [ '/data/node_modules/@jimp/plugin-shadow' ]
78 silly reify mark retired [ '/data/node_modules/@jimp/plugin-threshold' ]
79 silly reify mark retired [ '/data/node_modules/@jimp/plugins' ]
80 silly reify mark retired [ '/data/node_modules/@jimp/png' ]
81 silly reify mark retired [ '/data/node_modules/@jimp/tiff' ]
82 silly reify mark retired [ '/data/node_modules/@jimp/types' ]
83 silly reify mark retired [ '/data/node_modules/@jimp/utils' ]
84 silly reify mark retired [ '/data/node_modules/@protobufjs/aspromise' ]
85 silly reify mark retired [ '/data/node_modules/@protobufjs/base64' ]
86 silly reify mark retired [ '/data/node_modules/@protobufjs/codegen' ]
87 silly reify mark retired [ '/data/node_modules/@protobufjs/eventemitter' ]
88 silly reify mark retired [ '/data/node_modules/@protobufjs/fetch' ]
89 silly reify mark retired [ '/data/node_modules/@protobufjs/float' ]
90 silly reify mark retired [ '/data/node_modules/@protobufjs/inquire' ]
91 silly reify mark retired [ '/data/node_modules/@protobufjs/path' ]
92 silly reify mark retired [ '/data/node_modules/@protobufjs/pool' ]
93 silly reify mark retired [ '/data/node_modules/@protobufjs/utf8' ]
94 silly reify mark retired [ '/data/node_modules/@sindresorhus/is' ]
95 silly reify mark retired [ '/data/node_modules/@szmarczak/http-timer' ]
96 silly reify mark retired [ '/data/node_modules/@tokenizer/token' ]
97 silly reify mark retired [ '/data/node_modules/@types/cacheable-request' ]
98 silly reify mark retired [ '/data/node_modules/@types/http-cache-semantics' ]
99 silly reify mark retired [ '/data/node_modules/@types/keyv' ]
100 silly reify mark retired [ '/data/node_modules/@types/long' ]
101 silly reify mark retired [ '/data/node_modules/@types/responselike' ]
102 silly reify mark retired [ '/data/node_modules/agent-base' ]
103 silly reify mark retired [ '/data/node_modules/ansi-styles' ]
104 silly reify mark retired [ '/data/node_modules/any-base' ]
105 silly reify mark retired [ '/data/node_modules/arrify' ]
106 silly reify mark retired [ '/data/node_modules/atomic-sleep' ]
107 silly reify mark retired [ '/data/node_modules/axios' ]
108 silly reify mark retired [ '/data/node_modules/bignumber.js' ]
109 silly reify mark retired [ '/data/node_modules/bmp-js' ]
110 silly reify mark retired [ '/data/node_modules/buffer-equal' ]
111 silly reify mark retired [ '/data/node_modules/buffer-equal-constant-time' ]
112 silly reify mark retired [ '/data/node_modules/cacheable-lookup' ]
113 silly reify mark retired [ '/data/node_modules/cacheable-request' ]
114 silly reify mark retired [ '/data/node_modules/cliui' ]
115 silly reify mark retired [ '/data/node_modules/clone' ]
116 silly reify mark retired [ '/data/node_modules/clone-response' ]
117 silly reify mark retired [ '/data/node_modules/color-convert' ]
118 silly reify mark retired [ '/data/node_modules/color-name' ]
119 silly reify mark retired [ '/data/node_modules/content-type' ]
120 silly reify mark retired [ '/data/node_modules/curve25519-js' ]
121 silly reify mark retired [ '/data/node_modules/defer-to-connect' ]
122 silly reify mark retired [ '/data/node_modules/dom-walk' ]
123 silly reify mark retired [ '/data/node_modules/ecdsa-sig-formatter' ]
124 silly reify mark retired [ '/data/node_modules/emoji-regex' ]
125 silly reify mark retired [ '/data/node_modules/escalade' ]
126 silly reify mark retired [ '/data/node_modules/exif-parser' ]
127 silly reify mark retired [ '/data/node_modules/extend' ]
128 silly reify mark retired [ '/data/node_modules/fast-redact' ]
129 silly reify mark retired [ '/data/node_modules/fast-text-encoding' ]
130 silly reify mark retired [ '/data/node_modules/file-type' ]
131 silly reify mark retired [ '/data/node_modules/follow-redirects' ]
132 silly reify mark retired [ '/data/node_modules/futoin-hkdf' ]
133 silly reify mark retired [ '/data/node_modules/gaxios' ]
134 silly reify mark retired [ '/data/node_modules/gcp-metadata' ]
135 silly reify mark retired [ '/data/node_modules/get-caller-file' ]
136 silly reify mark retired [ '/data/node_modules/get-stream' ]
137 silly reify mark retired [ '/data/node_modules/gifwrap' ]
138 silly reify mark retired [ '/data/node_modules/global' ]
139 silly reify mark retired [ '/data/node_modules/google-auth-library' ]
140 silly reify mark retired [
140 silly reify   '/data/node_modules/google-gax',
140 silly reify   '/data/node_modules/.bin/compileProtos'
140 silly reify ]
141 silly reify mark retired [
141 silly reify   '/data/node_modules/google-p12-pem',
141 silly reify   '/data/node_modules/.bin/gp12-pem'
141 silly reify ]
142 silly reify mark retired [ '/data/node_modules/got' ]
143 silly reify mark retired [ '/data/node_modules/gtoken' ]
144 silly reify mark retired [ '/data/node_modules/http-cache-semantics' ]
145 silly reify mark retired [ '/data/node_modules/http2-wrapper' ]
146 silly reify mark retired [ '/data/node_modules/https-proxy-agent' ]
147 silly reify mark retired [ '/data/node_modules/image-q' ]
148 silly reify mark retired [ '/data/node_modules/is-function' ]
149 silly reify mark retired [ '/data/node_modules/is-stream' ]
150 silly reify mark retired [ '/data/node_modules/is-stream-ended' ]
151 silly reify mark retired [ '/data/node_modules/jimp' ]
152 silly reify mark retired [ '/data/node_modules/jpeg-js' ]
153 silly reify mark retired [ '/data/node_modules/json-bigint' ]
154 silly reify mark retired [ '/data/node_modules/json-buffer' ]
155 silly reify mark retired [ '/data/node_modules/jwa' ]
156 silly reify mark retired [ '/data/node_modules/jws' ]
157 silly reify mark retired [ '/data/node_modules/keyv' ]
158 silly reify mark retired [ '/data/node_modules/libsignal' ]
159 silly reify mark retired [ '/data/node_modules/load-bmfont' ]
160 silly reify mark retired [ '/data/node_modules/lodash.camelcase' ]
161 silly reify mark retired [ '/data/node_modules/long' ]
162 silly reify mark retired [ '/data/node_modules/lowercase-keys' ]
163 silly reify mark retired [ '/data/node_modules/lru-cache' ]
164 silly reify mark retired [ '/data/node_modules/media-typer' ]
165 silly reify mark retired [ '/data/node_modules/min-document' ]
166 silly reify mark retired [ '/data/node_modules/minimist' ]
167 silly reify mark retired [ '/data/node_modules/mkdirp', '/data/node_modules/.bin/mkdirp' ]
168 silly reify mark retired [ '/data/node_modules/music-metadata' ]
169 silly reify mark retired [ '/data/node_modules/node-cache' ]
170 silly reify mark retired [ '/data/node_modules/node-fetch' ]
171 silly reify mark retired [ '/data/node_modules/node-forge' ]
172 silly reify mark retired [ '/data/node_modules/node-red-contrib-kore-whatsappbot' ]
173 silly reify mark retired [ '/data/node_modules/normalize-url' ]
174 silly reify mark retired [ '/data/node_modules/object-hash' ]
175 silly reify mark retired [ '/data/node_modules/omggif' ]
176 silly reify mark retired [ '/data/node_modules/on-exit-leak-free' ]
177 silly reify mark retired [ '/data/node_modules/p-cancelable' ]
178 silly reify mark retired [ '/data/node_modules/pako' ]
179 silly reify mark retired [ '/data/node_modules/parse-bmfont-ascii' ]
180 silly reify mark retired [ '/data/node_modules/parse-bmfont-binary' ]
181 silly reify mark retired [ '/data/node_modules/parse-bmfont-xml' ]
182 silly reify mark retired [ '/data/node_modules/parse-headers' ]
183 silly reify mark retired [ '/data/node_modules/peek-readable' ]
184 silly reify mark retired [ '/data/node_modules/phin' ]
185 silly reify mark retired [ '/data/node_modules/pino', '/data/node_modules/.bin/pino' ]
186 silly reify mark retired [ '/data/node_modules/pino-abstract-transport' ]
187 silly reify mark retired [ '/data/node_modules/pino-std-serializers' ]
188 silly reify mark retired [
188 silly reify   '/data/node_modules/pixelmatch',
188 silly reify   '/data/node_modules/.bin/pixelmatch'
188 silly reify ]
189 silly reify mark retired [ '/data/node_modules/pngjs' ]
190 silly reify mark retired [ '/data/node_modules/process-warning' ]
191 silly reify mark retired [ '/data/node_modules/proto3-json-serializer' ]
192 silly reify mark retired [
192 silly reify   '/data/node_modules/protobufjs',
192 silly reify   '/data/node_modules/.bin/pbjs',
192 silly reify   '/data/node_modules/.bin/pbts'
192 silly reify ]
193 silly reify mark retired [ '/data/node_modules/qrcode-base64' ]
194 silly reify mark retired [ '/data/node_modules/quick-format-unescaped' ]
195 silly reify mark retired [ '/data/node_modules/quick-lru' ]
196 silly reify mark retired [ '/data/node_modules/readable-web-to-node-stream' ]
197 silly reify mark retired [ '/data/node_modules/real-require' ]
198 silly reify mark retired [ '/data/node_modules/regenerator-runtime' ]
199 silly reify mark retired [ '/data/node_modules/require-directory' ]
200 silly reify mark retired [ '/data/node_modules/resolve-alpn' ]
201 silly reify mark retired [ '/data/node_modules/responselike' ]
202 silly reify mark retired [ '/data/node_modules/retry-request' ]
203 silly reify mark retired [ '/data/node_modules/safe-stable-stringify' ]
204 silly reify mark retired [ '/data/node_modules/sax' ]
205 silly reify mark retired [ '/data/node_modules/sonic-boom' ]
206 silly reify mark retired [ '/data/node_modules/strtok3' ]
207 silly reify mark retired [ '/data/node_modules/thread-stream' ]
208 silly reify mark retired [ '/data/node_modules/timm' ]
209 silly reify mark retired [ '/data/node_modules/tinycolor2' ]
210 silly reify mark retired [ '/data/node_modules/token-types' ]
211 silly reify mark retired [ '/data/node_modules/utif' ]
212 silly reify mark retired [ '/data/node_modules/wrap-ansi' ]
213 silly reify mark retired [ '/data/node_modules/xhr' ]
214 silly reify mark retired [ '/data/node_modules/xml-parse-from-string' ]
215 silly reify mark retired [ '/data/node_modules/xml2js' ]
216 silly reify mark retired [ '/data/node_modules/xmlbuilder' ]
217 silly reify mark retired [ '/data/node_modules/y18n' ]
218 silly reify mark retired [ '/data/node_modules/yallist' ]
219 silly reify mark retired [ '/data/node_modules/yargs' ]
220 silly reify mark retired [ '/data/node_modules/yargs-parser' ]
221 silly reify moves {
221 silly reify   '/data/node_modules/@adiwajshing/baileys': '/data/node_modules/@adiwajshing/.baileys-FraKmVoj',
221 silly reify   '/data/node_modules/@babel/runtime': '/data/node_modules/@babel/.runtime-OtcWIx9I',
221 silly reify   '/data/node_modules/@google-cloud/text-to-speech': '/data/node_modules/@google-cloud/.text-to-speech-NizlZ3TF',
221 silly reify   '/data/node_modules/@grpc/grpc-js': '/data/node_modules/@grpc/.grpc-js-jgxNoFbY',
221 silly reify   '/data/node_modules/@grpc/proto-loader': '/data/node_modules/@grpc/.proto-loader-8vbTwyUk',
221 silly reify   '/data/node_modules/.bin/proto-loader-gen-types': '/data/node_modules/.bin/.proto-loader-gen-types-rmJdGtB6',
221 silly reify   '/data/node_modules/@hapi/boom': '/data/node_modules/@hapi/.boom-1SPZsuzE',
221 silly reify   '/data/node_modules/@hapi/hoek': '/data/node_modules/@hapi/.hoek-kbGhO6Xa',
221 silly reify   '/data/node_modules/@jimp/bmp': '/data/node_modules/@jimp/.bmp-TCFmrQL4',
221 silly reify   '/data/node_modules/@jimp/core': '/data/node_modules/@jimp/.core-xIKzglED',
221 silly reify   '/data/node_modules/@jimp/custom': '/data/node_modules/@jimp/.custom-sIcoOTDA',
221 silly reify   '/data/node_modules/@jimp/gif': '/data/node_modules/@jimp/.gif-tHZGekXW',
221 silly reify   '/data/node_modules/@jimp/jpeg': '/data/node_modules/@jimp/.jpeg-pVkRlC8n',
221 silly reify   '/data/node_modules/@jimp/plugin-blit': '/data/node_modules/@jimp/.plugin-blit-BEUuYxVA',
221 silly reify   '/data/node_modules/@jimp/plugin-blur': '/data/node_modules/@jimp/.plugin-blur-WxMjcs0z',
221 silly reify   '/data/node_modules/@jimp/plugin-circle': '/data/node_modules/@jimp/.plugin-circle-VVnGPWEK',
221 silly reify   '/data/node_modules/@jimp/plugin-color': '/data/node_modules/@jimp/.plugin-color-GRBByoQx',
221 silly reify   '/data/node_modules/@jimp/plugin-contain': '/data/node_modules/@jimp/.plugin-contain-FxUZ7E1M',
221 silly reify   '/data/node_modules/@jimp/plugin-cover': '/data/node_modules/@jimp/.plugin-cover-T8ABNjnr',
221 silly reify   '/data/node_modules/@jimp/plugin-crop': '/data/node_modules/@jimp/.plugin-crop-lmDwK4Bn',
221 silly reify   '/data/node_modules/@jimp/plugin-displace': '/data/node_modules/@jimp/.plugin-displace-uFq0ZwLe',
221 silly reify   '/data/node_modules/@jimp/plugin-dither': '/data/node_modules/@jimp/.plugin-dither-XBbg8DGr',
221 silly reify   '/data/node_modules/@jimp/plugin-fisheye': '/data/node_modules/@jimp/.plugin-fisheye-waaAKK1O',
221 silly reify   '/data/node_modules/@jimp/plugin-flip': '/data/node_modules/@jimp/.plugin-flip-QFSOAh8e',
221 silly reify   '/data/node_modules/@jimp/plugin-gaussian': '/data/node_modules/@jimp/.plugin-gaussian-I5y0u1IM',
221 silly reify   '/data/node_modules/@jimp/plugin-invert': '/data/node_modules/@jimp/.plugin-invert-0crFiPve',
221 silly reify   '/data/node_modules/@jimp/plugin-mask': '/data/node_modules/@jimp/.plugin-mask-FBkqisrT',
221 silly reify   '/data/node_modules/@jimp/plugin-normalize': '/data/node_modules/@jimp/.plugin-normalize-21jchwK5',
221 silly reify   '/data/node_modules/@jimp/plugin-print': '/data/node_modules/@jimp/.plugin-print-BS8YNwWa',
221 silly reify   '/data/node_modules/@jimp/plugin-resize': '/data/node_modules/@jimp/.plugin-resize-s9i8PjAV',
221 silly reify   '/data/node_modules/@jimp/plugin-rotate': '/data/node_modules/@jimp/.plugin-rotate-WhAwLbr6',
221 silly reify   '/data/node_modules/@jimp/plugin-scale': '/data/node_modules/@jimp/.plugin-scale-i7xR0kNU',
221 silly reify   '/data/node_modules/@jimp/plugin-shadow': '/data/node_modules/@jimp/.plugin-shadow-Pf8JyF5x',
221 silly reify   '/data/node_modules/@jimp/plugin-threshold': '/data/node_modules/@jimp/.plugin-threshold-LOPMfA1B',
221 silly reify   '/data/node_modules/@jimp/plugins': '/data/node_modules/@jimp/.plugins-q4lzlSuP',
221 silly reify   '/data/node_modules/@jimp/png': '/data/node_modules/@jimp/.png-YIFwLbRG',
221 silly reify   '/data/node_modules/@jimp/tiff': '/data/node_modules/@jimp/.tiff-nH9yYEgZ',
221 silly reify   '/data/node_modules/@jimp/types': '/data/node_modules/@jimp/.types-DK0woOW3',
221 silly reify   '/data/node_modules/@jimp/utils': '/data/node_modules/@jimp/.utils-InkVOwq4',
221 silly reify   '/data/node_modules/@protobufjs/aspromise': '/data/node_modules/@protobufjs/.aspromise-evNljqIp',
221 silly reify   '/data/node_modules/@protobufjs/base64': '/data/node_modules/@protobufjs/.base64-l4JLjOKB',
221 silly reify   '/data/node_modules/@protobufjs/codegen': '/data/node_modules/@protobufjs/.codegen-RmaKLKig',
221 silly reify   '/data/node_modules/@protobufjs/eventemitter': '/data/node_modules/@protobufjs/.eventemitter-qvmyvzv1',
221 silly reify   '/data/node_modules/@protobufjs/fetch': '/data/node_modules/@protobufjs/.fetch-n3ZnFNI5',
221 silly reify   '/data/node_modules/@protobufjs/float': '/data/node_modules/@protobufjs/.float-hCfY5J1c',
221 silly reify   '/data/node_modules/@protobufjs/inquire': '/data/node_modules/@protobufjs/.inquire-5g2nX2AR',
221 silly reify   '/data/node_modules/@protobufjs/path': '/data/node_modules/@protobufjs/.path-giKGsS0n',
221 silly reify   '/data/node_modules/@protobufjs/pool': '/data/node_modules/@protobufjs/.pool-joeTRkXc',
221 silly reify   '/data/node_modules/@protobufjs/utf8': '/data/node_modules/@protobufjs/.utf8-YOZY46p3',
221 silly reify   '/data/node_modules/@sindresorhus/is': '/data/node_modules/@sindresorhus/.is-8vB1fcFH',
221 silly reify   '/data/node_modules/@szmarczak/http-timer': '/data/node_modules/@szmarczak/.http-timer-SWGoZNd5',
221 silly reify   '/data/node_modules/@tokenizer/token': '/data/node_modules/@tokenizer/.token-VxOiNoK4',
221 silly reify   '/data/node_modules/@types/cacheable-request': '/data/node_modules/@types/.cacheable-request-87KKChky',
221 silly reify   '/data/node_modules/@types/http-cache-semantics': '/data/node_modules/@types/.http-cache-semantics-04qy3fUN',
221 silly reify   '/data/node_modules/@types/keyv': '/data/node_modules/@types/.keyv-Cdp5od22',
221 silly reify   '/data/node_modules/@types/long': '/data/node_modules/@types/.long-alVIYa7c',
221 silly reify   '/data/node_modules/@types/responselike': '/data/node_modules/@types/.responselike-i0MkjxXj',
221 silly reify   '/data/node_modules/agent-base': '/data/node_modules/.agent-base-YVqTSI8f',
221 silly reify   '/data/node_modules/ansi-styles': '/data/node_modules/.ansi-styles-2kNSBsZO',
221 silly reify   '/data/node_modules/any-base': '/data/node_modules/.any-base-sXtY47O3',
221 silly reify   '/data/node_modules/arrify': '/data/node_modules/.arrify-wSToOR9W',
221 silly reify   '/data/node_modules/atomic-sleep': '/data/node_modules/.atomic-sleep-YmMSG0ws',
221 silly reify   '/data/node_modules/axios': '/data/node_modules/.axios-zQJ0VzMj',
221 silly reify   '/data/node_modules/bignumber.js': '/data/node_modules/.bignumber.js-93NBP5iV',
221 silly reify   '/data/node_modules/bmp-js': '/data/node_modules/.bmp-js-ypFcT6yO',
221 silly reify   '/data/node_modules/buffer-equal': '/data/node_modules/.buffer-equal-SrKis1VD',
221 silly reify   '/data/node_modules/buffer-equal-constant-time': '/data/node_modules/.buffer-equal-constant-time-5jsOO287',
221 silly reify   '/data/node_modules/cacheable-lookup': '/data/node_modules/.cacheable-lookup-Go4Hb6Ta',
221 silly reify   '/data/node_modules/cacheable-request': '/data/node_modules/.cacheable-request-G7QxEDu4',
221 silly reify   '/data/node_modules/cliui': '/data/node_modules/.cliui-yxzVXKWS',
221 silly reify   '/data/node_modules/clone': '/data/node_modules/.clone-eFAFUQfl',
221 silly reify   '/data/node_modules/clone-response': '/data/node_modules/.clone-response-dBpEdJje',
221 silly reify   '/data/node_modules/color-convert': '/data/node_modules/.color-convert-CyDcREMC',
221 silly reify   '/data/node_modules/color-name': '/data/node_modules/.color-name-VkBrgzKr',
221 silly reify   '/data/node_modules/content-type': '/data/node_modules/.content-type-Z4IPiXBU',
221 silly reify   '/data/node_modules/curve25519-js': '/data/node_modules/.curve25519-js-7sC2gzRN',
221 silly reify   '/data/node_modules/defer-to-connect': '/data/node_modules/.defer-to-connect-IfrGh2ME',
221 silly reify   '/data/node_modules/dom-walk': '/data/node_modules/.dom-walk-goTr9Cqk',
221 silly reify   '/data/node_modules/ecdsa-sig-formatter': '/data/node_modules/.ecdsa-sig-formatter-VKCUOz1R',
221 silly reify   '/data/node_modules/emoji-regex': '/data/node_modules/.emoji-regex-3DE4Hvsb',
221 silly reify   '/data/node_modules/escalade': '/data/node_modules/.escalade-c0bvgGn7',
221 silly reify   '/data/node_modules/exif-parser': '/data/node_modules/.exif-parser-oALJMqme',
221 silly reify   '/data/node_modules/extend': '/data/node_modules/.extend-IBMMU5HM',
221 silly reify   '/data/node_modules/fast-redact': '/data/node_modules/.fast-redact-RSuNYOW6',
221 silly reify   '/data/node_modules/fast-text-encoding': '/data/node_modules/.fast-text-encoding-uNzc16zW',
221 silly reify   '/data/node_modules/file-type': '/data/node_modules/.file-type-8JbuQkaB',
221 silly reify   '/data/node_modules/follow-redirects': '/data/node_modules/.follow-redirects-A0Z0RHjx',
221 silly reify   '/data/node_modules/futoin-hkdf': '/data/node_modules/.futoin-hkdf-iZowg9vX',
221 silly reify   '/data/node_modules/gaxios': '/data/node_modules/.gaxios-tdihLCGU',
221 silly reify   '/data/node_modules/gcp-metadata': '/data/node_modules/.gcp-metadata-POnZE89E',
221 silly reify   '/data/node_modules/get-caller-file': '/data/node_modules/.get-caller-file-twepYwfK',
221 silly reify   '/data/node_modules/get-stream': '/data/node_modules/.get-stream-C1AndzjS',
221 silly reify   '/data/node_modules/gifwrap': '/data/node_modules/.gifwrap-TpJmfyL7',
221 silly reify   '/data/node_modules/global': '/data/node_modules/.global-zG01nz5Y',
221 silly reify   '/data/node_modules/google-auth-library': '/data/node_modules/.google-auth-library-tMZtRCBf',
221 silly reify   '/data/node_modules/google-gax': '/data/node_modules/.google-gax-E0a4Aq2t',
221 silly reify   '/data/node_modules/.bin/compileProtos': '/data/node_modules/.bin/.compileProtos-gA0G888O',
221 silly reify   '/data/node_modules/google-p12-pem': '/data/node_modules/.google-p12-pem-Ke3NbFY6',
221 silly reify   '/data/node_modules/.bin/gp12-pem': '/data/node_modules/.bin/.gp12-pem-sH3nh50q',
221 silly reify   '/data/node_modules/got': '/data/node_modules/.got-GqJSN80y',
221 silly reify   '/data/node_modules/gtoken': '/data/node_modules/.gtoken-3puiqnJa',
221 silly reify   '/data/node_modules/http-cache-semantics': '/data/node_modules/.http-cache-semantics-sEu4cdoT',
221 silly reify   '/data/node_modules/http2-wrapper': '/data/node_modules/.http2-wrapper-CTNvmbAQ',
221 silly reify   '/data/node_modules/https-proxy-agent': '/data/node_modules/.https-proxy-agent-BrVHzWxz',
221 silly reify   '/data/node_modules/image-q': '/data/node_modules/.image-q-khZRDeEu',
221 silly reify   '/data/node_modules/is-function': '/data/node_modules/.is-function-WbeEZEjD',
221 silly reify   '/data/node_modules/is-stream': '/data/node_modules/.is-stream-HhpnG6qa',
221 silly reify   '/data/node_modules/is-stream-ended': '/data/node_modules/.is-stream-ended-P5jdvFnu',
221 silly reify   '/data/node_modules/jimp': '/data/node_modules/.jimp-kKgRrjCG',
221 silly reify   '/data/node_modules/jpeg-js': '/data/node_modules/.jpeg-js-wm9W4UXo',
221 silly reify   '/data/node_modules/json-bigint': '/data/node_modules/.json-bigint-NehdHupS',
221 silly reify   '/data/node_modules/json-buffer': '/data/node_modules/.json-buffer-S24dWI9H',
221 silly reify   '/data/node_modules/jwa': '/data/node_modules/.jwa-gcFtwLpw',
221 silly reify   '/data/node_modules/jws': '/data/node_modules/.jws-zsJZqEAZ',
221 silly reify   '/data/node_modules/keyv': '/data/node_modules/.keyv-qNUT7VS1',
221 silly reify   '/data/node_modules/libsignal': '/data/node_modules/.libsignal-VfGKNFzQ',
221 silly reify   '/data/node_modules/load-bmfont': '/data/node_modules/.load-bmfont-J9Z7H55j',
221 silly reify   '/data/node_modules/lodash.camelcase': '/data/node_modules/.lodash.camelcase-58Tawdmr',
221 silly reify   '/data/node_modules/long': '/data/node_modules/.long-OYGEJ42K',
221 silly reify   '/data/node_modules/lowercase-keys': '/data/node_modules/.lowercase-keys-JBRtgrux',
221 silly reify   '/data/node_modules/lru-cache': '/data/node_modules/.lru-cache-WRlPNktf',
221 silly reify   '/data/node_modules/media-typer': '/data/node_modules/.media-typer-6hsDClwy',
221 silly reify   '/data/node_modules/min-document': '/data/node_modules/.min-document-gzUBVKGG',
221 silly reify   '/data/node_modules/minimist': '/data/node_modules/.minimist-DTtF8i0S',
221 silly reify   '/data/node_modules/mkdirp': '/data/node_modules/.mkdirp-kfx2waep',
221 silly reify   '/data/node_modules/.bin/mkdirp': '/data/node_modules/.bin/.mkdirp-VJGUnSum',
221 silly reify   '/data/node_modules/music-metadata': '/data/node_modules/.music-metadata-jo8laVsf',
221 silly reify   '/data/node_modules/node-cache': '/data/node_modules/.node-cache-ExpdrQHB',
221 silly reify   '/data/node_modules/node-fetch': '/data/node_modules/.node-fetch-nWcK4DvS',
221 silly reify   '/data/node_modules/node-forge': '/data/node_modules/.node-forge-6sP8JHbU',
221 silly reify   '/data/node_modules/node-red-contrib-kore-whatsappbot': '/data/node_modules/.node-red-contrib-kore-whatsappbot-uK65AHUe',
221 silly reify   '/data/node_modules/normalize-url': '/data/node_modules/.normalize-url-ILPnPYBN',
221 silly reify   '/data/node_modules/object-hash': '/data/node_modules/.object-hash-TBMzMc6x',
221 silly reify   '/data/node_modules/omggif': '/data/node_modules/.omggif-cRtIP7Rg',
221 silly reify   '/data/node_modules/on-exit-leak-free': '/data/node_modules/.on-exit-leak-free-wJ5niTyW',
221 silly reify   '/data/node_modules/p-cancelable': '/data/node_modules/.p-cancelable-GNDSWRc6',
221 silly reify   '/data/node_modules/pako': '/data/node_modules/.pako-Plfwl7iI',
221 silly reify   '/data/node_modules/parse-bmfont-ascii': '/data/node_modules/.parse-bmfont-ascii-w4CwcWOh',
221 silly reify   '/data/node_modules/parse-bmfont-binary': '/data/node_modules/.parse-bmfont-binary-zsGKD2BW',
221 silly reify   '/data/node_modules/parse-bmfont-xml': '/data/node_modules/.parse-bmfont-xml-4gfI1H2D',
221 silly reify   '/data/node_modules/parse-headers': '/data/node_modules/.parse-headers-0ognIyos',
221 silly reify   '/data/node_modules/peek-readable': '/data/node_modules/.peek-readable-tpRzw6BN',
221 silly reify   '/data/node_modules/phin': '/data/node_modules/.phin-d4moIxRh',
221 silly reify   '/data/node_modules/pino': '/data/node_modules/.pino-Dc2NOHFW',
221 silly reify   '/data/node_modules/.bin/pino': '/data/node_modules/.bin/.pino-6ohltbVy',
221 silly reify   '/data/node_modules/pino-abstract-transport': '/data/node_modules/.pino-abstract-transport-MdEZQRbv',
221 silly reify   '/data/node_modules/pino-std-serializers': '/data/node_modules/.pino-std-serializers-YMVJwKaX',
221 silly reify   '/data/node_modules/pixelmatch': '/data/node_modules/.pixelmatch-AHHOjady',
221 silly reify   '/data/node_modules/.bin/pixelmatch': '/data/node_modules/.bin/.pixelmatch-pL4MGU7e',
221 silly reify   '/data/node_modules/pngjs': '/data/node_modules/.pngjs-mjt9ctlX',
221 silly reify   '/data/node_modules/process-warning': '/data/node_modules/.process-warning-1TI24Jcj',
221 silly reify   '/data/node_modules/proto3-json-serializer': '/data/node_modules/.proto3-json-serializer-JbvqPHu2',
221 silly reify   '/data/node_modules/protobufjs': '/data/node_modules/.protobufjs-4bBZQm2F',
221 silly reify   '/data/node_modules/.bin/pbjs': '/data/node_modules/.bin/.pbjs-PmjAf2jB',
221 silly reify   '/data/node_modules/.bin/pbts': '/data/node_modules/.bin/.pbts-MohosVwj',
221 silly reify   '/data/node_modules/qrcode-base64': '/data/node_modules/.qrcode-base64-AIgB6atC',
221 silly reify   '/data/node_modules/quick-format-unescaped': '/data/node_modules/.quick-format-unescaped-s6rdLnlf',
221 silly reify   '/data/node_modules/quick-lru': '/data/node_modules/.quick-lru-k6k6ibd1',
221 silly reify   '/data/node_modules/readable-web-to-node-stream': '/data/node_modules/.readable-web-to-node-stream-9toLaL7f',
221 silly reify   '/data/node_modules/real-require': '/data/node_modules/.real-require-v8MF3teE',
221 silly reify   '/data/node_modules/regenerator-runtime': '/data/node_modules/.regenerator-runtime-CS9yvAbW',
221 silly reify   '/data/node_modules/require-directory': '/data/node_modules/.require-directory-gvzRtPaS',
221 silly reify   '/data/node_modules/resolve-alpn': '/data/node_modules/.resolve-alpn-Nzc82mcq',
221 silly reify   '/data/node_modules/responselike': '/data/node_modules/.responselike-gWr5vdYi',
221 silly reify   '/data/node_modules/retry-request': '/data/node_modules/.retry-request-e8VVlq6N',
221 silly reify   '/data/node_modules/safe-stable-stringify': '/data/node_modules/.safe-stable-stringify-JNx76RE3',
221 silly reify   '/data/node_modules/sax': '/data/node_modules/.sax-qwBQxMBs',
221 silly reify   '/data/node_modules/sonic-boom': '/data/node_modules/.sonic-boom-sgJEI9HA',
221 silly reify   '/data/node_modules/strtok3': '/data/node_modules/.strtok3-j1aU4fTj',
221 silly reify   '/data/node_modules/thread-stream': '/data/node_modules/.thread-stream-bi4sKxyQ',
221 silly reify   '/data/node_modules/timm': '/data/node_modules/.timm-63qsU6tD',
221 silly reify   '/data/node_modules/tinycolor2': '/data/node_modules/.tinycolor2-ASD8bXqX',
221 silly reify   '/data/node_modules/token-types': '/data/node_modules/.token-types-1jqV6wQW',
221 silly reify   '/data/node_modules/utif': '/data/node_modules/.utif-THRC7Gsj',
221 silly reify   '/data/node_modules/wrap-ansi': '/data/node_modules/.wrap-ansi-f88q5fUg',
221 silly reify   '/data/node_modules/xhr': '/data/node_modules/.xhr-xZXtj56W',
221 silly reify   '/data/node_modules/xml-parse-from-string': '/data/node_modules/.xml-parse-from-string-Y2UC8nGp',
221 silly reify   '/data/node_modules/xml2js': '/data/node_modules/.xml2js-MYxGHhwO',
221 silly reify   '/data/node_modules/xmlbuilder': '/data/node_modules/.xmlbuilder-GSKaQskN',
221 silly reify   '/data/node_modules/y18n': '/data/node_modules/.y18n-eIcXh3qx',
221 silly reify   '/data/node_modules/yallist': '/data/node_modules/.yallist-nRCT2Oqy',
221 silly reify   '/data/node_modules/yargs': '/data/node_modules/.yargs-0QWI5jwv',
221 silly reify   '/data/node_modules/yargs-parser': '/data/node_modules/.yargs-parser-Nx4XVQCj'
221 silly reify }
222 timing reify:retireShallow Completed in 347ms
223 timing reify:createSparse Completed in 0ms
224 timing reify:loadBundles Completed in 0ms
225 timing reify:unpack Completed in 1ms
226 timing reify:unretire Completed in 4ms
227 timing build:queue Completed in 0ms
228 timing build:deps Completed in 6ms
229 timing build Completed in 10ms
230 timing reify:build Completed in 13ms
231 timing reify:trash Completed in 3873ms
232 timing reify:save Completed in 396ms
233 timing reify Completed in 10238ms
234 silly REMOVE node_modules/yargs-parser
235 silly REMOVE node_modules/yargs
236 silly REMOVE node_modules/yargs/node_modules/strip-ansi
237 silly REMOVE node_modules/yargs/node_modules/string-width
238 silly REMOVE node_modules/yargs/node_modules/is-fullwidth-code-point
239 silly REMOVE node_modules/yargs/node_modules/ansi-regex
240 silly REMOVE node_modules/yallist
241 silly REMOVE node_modules/y18n
242 silly REMOVE node_modules/xmlbuilder
243 silly REMOVE node_modules/xml2js
244 silly REMOVE node_modules/xml-parse-from-string
245 silly REMOVE node_modules/xhr
246 silly REMOVE node_modules/wrap-ansi
247 silly REMOVE node_modules/wrap-ansi/node_modules/strip-ansi
248 silly REMOVE node_modules/wrap-ansi/node_modules/string-width
249 silly REMOVE node_modules/wrap-ansi/node_modules/is-fullwidth-code-point
250 silly REMOVE node_modules/wrap-ansi/node_modules/ansi-regex
251 silly REMOVE node_modules/utif
252 silly REMOVE node_modules/token-types
253 silly REMOVE node_modules/tinycolor2
254 silly REMOVE node_modules/timm
255 silly REMOVE node_modules/thread-stream
256 silly REMOVE node_modules/strtok3
257 silly REMOVE node_modules/sonic-boom
258 silly REMOVE node_modules/sax
259 silly REMOVE node_modules/safe-stable-stringify
260 silly REMOVE node_modules/retry-request
261 silly REMOVE node_modules/retry-request/node_modules/ms
262 silly REMOVE node_modules/retry-request/node_modules/debug
263 silly REMOVE node_modules/responselike
264 silly REMOVE node_modules/resolve-alpn
265 silly REMOVE node_modules/require-directory
266 silly REMOVE node_modules/regenerator-runtime
267 silly REMOVE node_modules/real-require
268 silly REMOVE node_modules/readable-web-to-node-stream
269 silly REMOVE node_modules/readable-web-to-node-stream/node_modules/readable-stream
270 silly REMOVE node_modules/quick-lru
271 silly REMOVE node_modules/quick-format-unescaped
272 silly REMOVE node_modules/qrcode-base64
273 silly REMOVE node_modules/protobufjs
274 silly REMOVE node_modules/proto3-json-serializer
275 silly REMOVE node_modules/process-warning
276 silly REMOVE node_modules/pngjs
277 silly REMOVE node_modules/pixelmatch
278 silly REMOVE node_modules/pino-std-serializers
279 silly REMOVE node_modules/pino-abstract-transport
280 silly REMOVE node_modules/pino-abstract-transport/node_modules/readable-stream
281 silly REMOVE node_modules/pino-abstract-transport/node_modules/duplexify
282 silly REMOVE node_modules/pino
283 silly REMOVE node_modules/phin
284 silly REMOVE node_modules/peek-readable
285 silly REMOVE node_modules/parse-headers
286 silly REMOVE node_modules/parse-bmfont-xml
287 silly REMOVE node_modules/parse-bmfont-binary
288 silly REMOVE node_modules/parse-bmfont-ascii
289 silly REMOVE node_modules/pako
290 silly REMOVE node_modules/p-cancelable
291 silly REMOVE node_modules/on-exit-leak-free
292 silly REMOVE node_modules/omggif
293 silly REMOVE node_modules/object-hash
294 silly REMOVE node_modules/normalize-url
295 silly REMOVE node_modules/node-red-contrib-kore-whatsappbot
296 silly REMOVE node_modules/node-red-contrib-kore-whatsappbot/node_modules/ws
297 silly REMOVE node_modules/node-forge
298 silly REMOVE node_modules/node-fetch
299 silly REMOVE node_modules/node-fetch/node_modules/whatwg-url
300 silly REMOVE node_modules/node-fetch/node_modules/webidl-conversions
301 silly REMOVE node_modules/node-fetch/node_modules/tr46
302 silly REMOVE node_modules/node-cache
303 silly REMOVE node_modules/music-metadata
304 silly REMOVE node_modules/music-metadata/node_modules/ms
305 silly REMOVE node_modules/music-metadata/node_modules/debug
306 silly REMOVE node_modules/mkdirp
307 silly REMOVE node_modules/minimist
308 silly REMOVE node_modules/min-document
309 silly REMOVE node_modules/media-typer
310 silly REMOVE node_modules/lru-cache
311 silly REMOVE node_modules/lowercase-keys
312 silly REMOVE node_modules/long
313 silly REMOVE node_modules/lodash.camelcase
314 silly REMOVE node_modules/load-bmfont
315 silly REMOVE node_modules/libsignal
316 silly REMOVE node_modules/libsignal/node_modules/protobufjs
317 silly REMOVE node_modules/libsignal/node_modules/@types/node
318 silly REMOVE node_modules/keyv
319 silly REMOVE node_modules/jws
320 silly REMOVE node_modules/jwa
321 silly REMOVE node_modules/json-buffer
322 silly REMOVE node_modules/json-bigint
323 silly REMOVE node_modules/jpeg-js
324 silly REMOVE node_modules/jimp
325 silly REMOVE node_modules/is-stream-ended
326 silly REMOVE node_modules/is-stream
327 silly REMOVE node_modules/is-function
328 silly REMOVE node_modules/image-q
329 silly REMOVE node_modules/image-q/node_modules/@types/node
330 silly REMOVE node_modules/https-proxy-agent
331 silly REMOVE node_modules/https-proxy-agent/node_modules/ms
332 silly REMOVE node_modules/https-proxy-agent/node_modules/debug
333 silly REMOVE node_modules/http2-wrapper
334 silly REMOVE node_modules/http-cache-semantics
335 silly REMOVE node_modules/gtoken
336 silly REMOVE node_modules/got
337 silly REMOVE node_modules/got/node_modules/mimic-response
338 silly REMOVE node_modules/got/node_modules/decompress-response
339 silly REMOVE node_modules/google-p12-pem
340 silly REMOVE node_modules/google-gax
341 silly REMOVE node_modules/google-gax/node_modules/readable-stream
342 silly REMOVE node_modules/google-gax/node_modules/protobufjs
343 silly REMOVE node_modules/google-gax/node_modules/duplexify
344 silly REMOVE node_modules/google-auth-library
345 silly REMOVE node_modules/global
346 silly REMOVE node_modules/gifwrap
347 silly REMOVE node_modules/get-stream
348 silly REMOVE node_modules/get-caller-file
349 silly REMOVE node_modules/gcp-metadata
350 silly REMOVE node_modules/gaxios
351 silly REMOVE node_modules/futoin-hkdf
352 silly REMOVE node_modules/follow-redirects
353 silly REMOVE node_modules/file-type
354 silly REMOVE node_modules/fast-text-encoding
355 silly REMOVE node_modules/fast-redact
356 silly REMOVE node_modules/extend
357 silly REMOVE node_modules/exif-parser
358 silly REMOVE node_modules/escalade
359 silly REMOVE node_modules/emoji-regex
360 silly REMOVE node_modules/ecdsa-sig-formatter
361 silly REMOVE node_modules/dom-walk
362 silly REMOVE node_modules/defer-to-connect
363 silly REMOVE node_modules/curve25519-js
364 silly REMOVE node_modules/content-type
365 silly REMOVE node_modules/color-name
366 silly REMOVE node_modules/color-convert
367 silly REMOVE node_modules/clone-response
368 silly REMOVE node_modules/clone-response/node_modules/mimic-response
369 silly REMOVE node_modules/clone
370 silly REMOVE node_modules/cliui
371 silly REMOVE node_modules/cliui/node_modules/strip-ansi
372 silly REMOVE node_modules/cliui/node_modules/string-width
373 silly REMOVE node_modules/cliui/node_modules/is-fullwidth-code-point
374 silly REMOVE node_modules/cliui/node_modules/ansi-regex
375 silly REMOVE node_modules/cacheable-request
376 silly REMOVE node_modules/cacheable-lookup
377 silly REMOVE node_modules/buffer-equal-constant-time
378 silly REMOVE node_modules/buffer-equal
379 silly REMOVE node_modules/bmp-js
380 silly REMOVE node_modules/bignumber.js
381 silly REMOVE node_modules/axios
382 silly REMOVE node_modules/atomic-sleep
383 silly REMOVE node_modules/arrify
384 silly REMOVE node_modules/any-base
385 silly REMOVE node_modules/ansi-styles
386 silly REMOVE node_modules/agent-base
387 silly REMOVE node_modules/agent-base/node_modules/ms
388 silly REMOVE node_modules/agent-base/node_modules/debug
389 silly REMOVE node_modules/@types/responselike
390 silly REMOVE node_modules/@types/long
391 silly REMOVE node_modules/@types/keyv
392 silly REMOVE node_modules/@types/http-cache-semantics
393 silly REMOVE node_modules/@types/cacheable-request
394 silly REMOVE node_modules/@tokenizer/token
395 silly REMOVE node_modules/@szmarczak/http-timer
396 silly REMOVE node_modules/@sindresorhus/is
397 silly REMOVE node_modules/@protobufjs/utf8
398 silly REMOVE node_modules/@protobufjs/pool
399 silly REMOVE node_modules/@protobufjs/path
400 silly REMOVE node_modules/@protobufjs/inquire
401 silly REMOVE node_modules/@protobufjs/float
402 silly REMOVE node_modules/@protobufjs/fetch
403 silly REMOVE node_modules/@protobufjs/eventemitter
404 silly REMOVE node_modules/@protobufjs/codegen
405 silly REMOVE node_modules/@protobufjs/base64
406 silly REMOVE node_modules/@protobufjs/aspromise
407 silly REMOVE node_modules/@jimp/utils
408 silly REMOVE node_modules/@jimp/types
409 silly REMOVE node_modules/@jimp/tiff
410 silly REMOVE node_modules/@jimp/png
411 silly REMOVE node_modules/@jimp/plugins
412 silly REMOVE node_modules/@jimp/plugin-threshold
413 silly REMOVE node_modules/@jimp/plugin-shadow
414 silly REMOVE node_modules/@jimp/plugin-scale
415 silly REMOVE node_modules/@jimp/plugin-rotate
416 silly REMOVE node_modules/@jimp/plugin-resize
417 silly REMOVE node_modules/@jimp/plugin-print
418 silly REMOVE node_modules/@jimp/plugin-normalize
419 silly REMOVE node_modules/@jimp/plugin-mask
420 silly REMOVE node_modules/@jimp/plugin-invert
421 silly REMOVE node_modules/@jimp/plugin-gaussian
422 silly REMOVE node_modules/@jimp/plugin-flip
423 silly REMOVE node_modules/@jimp/plugin-fisheye
424 silly REMOVE node_modules/@jimp/plugin-dither
425 silly REMOVE node_modules/@jimp/plugin-displace
426 silly REMOVE node_modules/@jimp/plugin-crop
427 silly REMOVE node_modules/@jimp/plugin-cover
428 silly REMOVE node_modules/@jimp/plugin-contain
429 silly REMOVE node_modules/@jimp/plugin-color
430 silly REMOVE node_modules/@jimp/plugin-circle
431 silly REMOVE node_modules/@jimp/plugin-blur
432 silly REMOVE node_modules/@jimp/plugin-blit
433 silly REMOVE node_modules/@jimp/jpeg
434 silly REMOVE node_modules/@jimp/gif
435 silly REMOVE node_modules/@jimp/custom
436 silly REMOVE node_modules/@jimp/core
437 silly REMOVE node_modules/@jimp/bmp
438 silly REMOVE node_modules/@hapi/hoek
439 silly REMOVE node_modules/@hapi/boom
440 silly REMOVE node_modules/@grpc/proto-loader
441 silly REMOVE node_modules/@grpc/grpc-js
442 silly REMOVE node_modules/@grpc/grpc-js/node_modules/yargs-parser
443 silly REMOVE node_modules/@grpc/grpc-js/node_modules/yargs
444 silly REMOVE node_modules/@grpc/grpc-js/node_modules/strip-ansi
445 silly REMOVE node_modules/@grpc/grpc-js/node_modules/string-width
446 silly REMOVE node_modules/@grpc/grpc-js/node_modules/protobufjs
447 silly REMOVE node_modules/@grpc/grpc-js/node_modules/long
448 silly REMOVE node_modules/@grpc/grpc-js/node_modules/is-fullwidth-code-point
449 silly REMOVE node_modules/@grpc/grpc-js/node_modules/cliui
450 silly REMOVE node_modules/@grpc/grpc-js/node_modules/ansi-regex
451 silly REMOVE node_modules/@grpc/grpc-js/node_modules/@grpc/proto-loader
452 silly REMOVE node_modules/@google-cloud/text-to-speech
453 silly REMOVE node_modules/@babel/runtime
454 silly REMOVE node_modules/@babel/runtime/node_modules/regenerator-runtime
455 silly REMOVE node_modules/@adiwajshing/baileys
456 timing command:remove Completed in 10280ms
457 verbose exit 0
458 timing npm Completed in 10926ms
459 info ok
