0 verbose cli /usr/local/bin/node /usr/local/bin/npm
1 info using npm@8.19.4
2 info using node@v16.20.2
3 timing npm:load:whichnode Completed in 1ms
4 timing config:load:defaults Completed in 8ms
5 timing config:load:file:/usr/local/lib/node_modules/npm/npmrc Completed in 29ms
6 timing config:load:builtin Completed in 31ms
7 timing config:load:cli Completed in 15ms
8 timing config:load:env Completed in 1ms
9 timing config:load:file:/data/.npmrc Completed in 3ms
10 timing config:load:project Completed in 32ms
11 timing config:load:file:/root/.npmrc Completed in 3ms
12 timing config:load:user Completed in 4ms
13 timing config:load:file:/usr/local/etc/npmrc Completed in 15ms
14 timing config:load:global Completed in 15ms
15 timing config:load:validate Completed in 2ms
16 timing config:load:credentials Completed in 10ms
17 timing config:load:setEnvs Completed in 4ms
18 timing config:load Completed in 127ms
19 timing npm:load:configload Completed in 128ms
20 timing npm:load:mkdirpcache Completed in 10ms
21 timing npm:load:mkdirplogs Completed in 7ms
22 verbose title npm remove node-red-contrib-delay-topic-message
23 verbose argv "remove" "--no-audit" "--no-update-notifier" "--no-fund" "--save" "node-red-contrib-delay-topic-message"
24 timing npm:load:setTitle Completed in 12ms
25 timing config:load:flatten Completed in 24ms
26 timing npm:load:display Completed in 30ms
27 verbose logfile logs-max:10 dir:/data/.npm/_logs
28 verbose logfile /data/.npm/_logs/2024-02-28T17_13_31_939Z-debug-0.log
29 timing npm:load:logFile Completed in 31ms
30 timing npm:load:timers Completed in 0ms
31 timing npm:load:configScope Completed in 0ms
32 timing npm:load Completed in 223ms
33 timing arborist:ctor Completed in 3ms
34 silly logfile start cleaning logs, removing 34 files
35 timing idealTree:init Completed in 2683ms
36 timing idealTree:userRequests Completed in 13ms
37 silly idealTree buildDeps
38 timing idealTree:#root Completed in 1ms
39 timing idealTree:buildDeps Completed in 10ms
40 timing idealTree:fixDepFlags Completed in 112ms
41 timing idealTree Completed in 2896ms
42 timing arborist:ctor Completed in 1ms
43 timing reify:loadTrees Completed in 5552ms
44 timing reify:diffTrees Completed in 87ms
45 silly reify mark retired [ '/data/node_modules/node-red-contrib-delay-topic-message' ]
46 silly reify moves {
46 silly reify   '/data/node_modules/node-red-contrib-delay-topic-message': '/data/node_modules/.node-red-contrib-delay-topic-message-yrnmcEvk'
46 silly reify }
47 timing reify:retireShallow Completed in 29ms
48 timing reify:createSparse Completed in 0ms
49 timing reify:loadBundles Completed in 0ms
50 timing reify:unpack Completed in 4ms
51 timing reify:unretire Completed in 1ms
52 timing build:queue Completed in 0ms
53 timing build:deps Completed in 12ms
54 timing build Completed in 13ms
55 timing reify:build Completed in 29ms
56 timing reify:trash Completed in 21ms
57 timing reify:save Completed in 612ms
58 timing reify Completed in 6778ms
59 silly REMOVE node_modules/node-red-contrib-delay-topic-message
60 timing command:remove Completed in 6805ms
61 verbose exit 0
62 timing npm Completed in 7643ms
63 info ok
