0 verbose cli /usr/local/bin/node /usr/local/bin/npm
1 info using npm@8.19.4
2 info using node@v16.20.2
3 timing npm:load:whichnode Completed in 1ms
4 timing config:load:defaults Completed in 7ms
5 timing config:load:file:/usr/local/lib/node_modules/npm/npmrc Completed in 12ms
6 timing config:load:builtin Completed in 30ms
7 timing config:load:cli Completed in 12ms
8 timing config:load:env Completed in 1ms
9 timing config:load:file:/data/.npmrc Completed in 12ms
10 timing config:load:project Completed in 37ms
11 timing config:load:file:/root/.npmrc Completed in 3ms
12 timing config:load:user Completed in 5ms
13 timing config:load:file:/usr/local/etc/npmrc Completed in 13ms
14 timing config:load:global Completed in 13ms
15 timing config:load:validate Completed in 2ms
16 timing config:load:credentials Completed in 8ms
17 timing config:load:setEnvs Completed in 5ms
18 timing config:load Completed in 123ms
19 timing npm:load:configload Completed in 124ms
20 timing npm:load:mkdirpcache Completed in 13ms
21 timing npm:load:mkdirplogs Completed in 6ms
22 verbose title npm remove node-red-contrib-xterm
23 verbose argv "remove" "--no-audit" "--no-update-notifier" "--no-fund" "--save" "node-red-contrib-xterm"
24 timing npm:load:setTitle Completed in 10ms
25 timing config:load:flatten Completed in 20ms
26 timing npm:load:display Completed in 29ms
27 verbose logfile logs-max:10 dir:/data/.npm/_logs
28 verbose logfile /data/.npm/_logs/2024-02-28T17_14_50_521Z-debug-0.log
29 timing npm:load:logFile Completed in 27ms
30 timing npm:load:timers Completed in 0ms
31 timing npm:load:configScope Completed in 0ms
32 timing npm:load Completed in 217ms
33 timing arborist:ctor Completed in 3ms
34 silly logfile start cleaning logs, removing 1 files
35 silly logfile done cleaning log files
36 timing idealTree:init Completed in 2815ms
37 timing idealTree:userRequests Completed in 10ms
38 silly idealTree buildDeps
39 timing idealTree:#root Completed in 2ms
40 timing idealTree:buildDeps Completed in 8ms
41 timing idealTree:fixDepFlags Completed in 122ms
42 timing idealTree Completed in 3028ms
43 timing arborist:ctor Completed in 1ms
44 timing reify:loadTrees Completed in 5514ms
45 timing reify:diffTrees Completed in 55ms
46 silly reify mark retired [ '/data/node_modules/ansi-regex' ]
47 silly reify mark retired [ '/data/node_modules/aproba' ]
48 silly reify mark retired [ '/data/node_modules/are-we-there-yet' ]
49 silly reify mark retired [ '/data/node_modules/chownr' ]
50 silly reify mark retired [ '/data/node_modules/code-point-at' ]
51 silly reify mark retired [ '/data/node_modules/console-control-strings' ]
52 silly reify mark retired [ '/data/node_modules/decompress-response' ]
53 silly reify mark retired [ '/data/node_modules/deep-extend' ]
54 silly reify mark retired [ '/data/node_modules/delegates' ]
55 silly reify mark retired [
55 silly reify   '/data/node_modules/detect-libc',
55 silly reify   '/data/node_modules/.bin/detect-libc'
55 silly reify ]
56 silly reify mark retired [ '/data/node_modules/expand-template' ]
57 silly reify mark retired [ '/data/node_modules/fs-constants' ]
58 silly reify mark retired [ '/data/node_modules/gauge' ]
59 silly reify mark retired [ '/data/node_modules/github-from-package' ]
60 silly reify mark retired [ '/data/node_modules/has-unicode' ]
61 silly reify mark retired [ '/data/node_modules/ini' ]
62 silly reify mark retired [ '/data/node_modules/is-fullwidth-code-point' ]
63 silly reify mark retired [ '/data/node_modules/mimic-response' ]
64 silly reify mark retired [ '/data/node_modules/mkdirp-classic' ]
65 silly reify mark retired [ '/data/node_modules/nan' ]
66 silly reify mark retired [ '/data/node_modules/napi-build-utils' ]
67 silly reify mark retired [ '/data/node_modules/node-abi' ]
68 silly reify mark retired [ '/data/node_modules/node-pty-prebuilt-multiarch' ]
69 silly reify mark retired [ '/data/node_modules/node-red-contrib-xterm' ]
70 silly reify mark retired [ '/data/node_modules/npmlog' ]
71 silly reify mark retired [ '/data/node_modules/number-is-nan' ]
72 silly reify mark retired [
72 silly reify   '/data/node_modules/prebuild-install',
72 silly reify   '/data/node_modules/.bin/prebuild-install'
72 silly reify ]
73 silly reify mark retired [ '/data/node_modules/rc', '/data/node_modules/.bin/rc' ]
74 silly reify mark retired [ '/data/node_modules/semver', '/data/node_modules/.bin/semver' ]
75 silly reify mark retired [ '/data/node_modules/set-blocking' ]
76 silly reify mark retired [ '/data/node_modules/signal-exit' ]
77 silly reify mark retired [ '/data/node_modules/simple-concat' ]
78 silly reify mark retired [ '/data/node_modules/simple-get' ]
79 silly reify mark retired [ '/data/node_modules/string-width' ]
80 silly reify mark retired [ '/data/node_modules/strip-ansi' ]
81 silly reify mark retired [ '/data/node_modules/strip-json-comments' ]
82 silly reify mark retired [ '/data/node_modules/tar-fs' ]
83 silly reify mark retired [ '/data/node_modules/tar-stream' ]
84 silly reify mark retired [ '/data/node_modules/tunnel-agent' ]
85 silly reify mark retired [ '/data/node_modules/wide-align' ]
86 silly reify mark retired [ '/data/node_modules/xterm' ]
87 silly reify mark retired [ '/data/node_modules/xterm-addon-fit' ]
88 silly reify moves {
88 silly reify   '/data/node_modules/ansi-regex': '/data/node_modules/.ansi-regex-UnXQL7ut',
88 silly reify   '/data/node_modules/aproba': '/data/node_modules/.aproba-CckTnPjK',
88 silly reify   '/data/node_modules/are-we-there-yet': '/data/node_modules/.are-we-there-yet-TDjeH5Z7',
88 silly reify   '/data/node_modules/chownr': '/data/node_modules/.chownr-07v3qbUi',
88 silly reify   '/data/node_modules/code-point-at': '/data/node_modules/.code-point-at-ugRSSMxK',
88 silly reify   '/data/node_modules/console-control-strings': '/data/node_modules/.console-control-strings-mTLyQTQn',
88 silly reify   '/data/node_modules/decompress-response': '/data/node_modules/.decompress-response-DOEkGFmN',
88 silly reify   '/data/node_modules/deep-extend': '/data/node_modules/.deep-extend-uxScoZKJ',
88 silly reify   '/data/node_modules/delegates': '/data/node_modules/.delegates-RnaTEBph',
88 silly reify   '/data/node_modules/detect-libc': '/data/node_modules/.detect-libc-TCSFCEdZ',
88 silly reify   '/data/node_modules/.bin/detect-libc': '/data/node_modules/.bin/.detect-libc-kCozIPwx',
88 silly reify   '/data/node_modules/expand-template': '/data/node_modules/.expand-template-1e7LrLHz',
88 silly reify   '/data/node_modules/fs-constants': '/data/node_modules/.fs-constants-IkU1lCys',
88 silly reify   '/data/node_modules/gauge': '/data/node_modules/.gauge-rdcHSHqa',
88 silly reify   '/data/node_modules/github-from-package': '/data/node_modules/.github-from-package-RR3xuvXb',
88 silly reify   '/data/node_modules/has-unicode': '/data/node_modules/.has-unicode-UrSlttIr',
88 silly reify   '/data/node_modules/ini': '/data/node_modules/.ini-UvkOpiy4',
88 silly reify   '/data/node_modules/is-fullwidth-code-point': '/data/node_modules/.is-fullwidth-code-point-msBfcTjH',
88 silly reify   '/data/node_modules/mimic-response': '/data/node_modules/.mimic-response-XbIS6igx',
88 silly reify   '/data/node_modules/mkdirp-classic': '/data/node_modules/.mkdirp-classic-m5g6EfUU',
88 silly reify   '/data/node_modules/nan': '/data/node_modules/.nan-2PPZro5e',
88 silly reify   '/data/node_modules/napi-build-utils': '/data/node_modules/.napi-build-utils-aGphD8oI',
88 silly reify   '/data/node_modules/node-abi': '/data/node_modules/.node-abi-Hy2qtsKY',
88 silly reify   '/data/node_modules/node-pty-prebuilt-multiarch': '/data/node_modules/.node-pty-prebuilt-multiarch-0uyQzRkU',
88 silly reify   '/data/node_modules/node-red-contrib-xterm': '/data/node_modules/.node-red-contrib-xterm-6hQIQMsI',
88 silly reify   '/data/node_modules/npmlog': '/data/node_modules/.npmlog-QQlacbbd',
88 silly reify   '/data/node_modules/number-is-nan': '/data/node_modules/.number-is-nan-VhLqzdyk',
88 silly reify   '/data/node_modules/prebuild-install': '/data/node_modules/.prebuild-install-rjYZR3eT',
88 silly reify   '/data/node_modules/.bin/prebuild-install': '/data/node_modules/.bin/.prebuild-install-PoJBSPIe',
88 silly reify   '/data/node_modules/rc': '/data/node_modules/.rc-SIB9DdWk',
88 silly reify   '/data/node_modules/.bin/rc': '/data/node_modules/.bin/.rc-7WFnPFLE',
88 silly reify   '/data/node_modules/semver': '/data/node_modules/.semver-yb9qAHPh',
88 silly reify   '/data/node_modules/.bin/semver': '/data/node_modules/.bin/.semver-A9Nz3QEQ',
88 silly reify   '/data/node_modules/set-blocking': '/data/node_modules/.set-blocking-3DQ83A8A',
88 silly reify   '/data/node_modules/signal-exit': '/data/node_modules/.signal-exit-q00PViss',
88 silly reify   '/data/node_modules/simple-concat': '/data/node_modules/.simple-concat-e1f3Ym2T',
88 silly reify   '/data/node_modules/simple-get': '/data/node_modules/.simple-get-wdpKPzfE',
88 silly reify   '/data/node_modules/string-width': '/data/node_modules/.string-width-0WgxdXS3',
88 silly reify   '/data/node_modules/strip-ansi': '/data/node_modules/.strip-ansi-zyOGG1f9',
88 silly reify   '/data/node_modules/strip-json-comments': '/data/node_modules/.strip-json-comments-pRohYJIX',
88 silly reify   '/data/node_modules/tar-fs': '/data/node_modules/.tar-fs-nqK4gnA6',
88 silly reify   '/data/node_modules/tar-stream': '/data/node_modules/.tar-stream-BbZjKMWW',
88 silly reify   '/data/node_modules/tunnel-agent': '/data/node_modules/.tunnel-agent-o9qAJAS3',
88 silly reify   '/data/node_modules/wide-align': '/data/node_modules/.wide-align-mvWYzJRH',
88 silly reify   '/data/node_modules/xterm': '/data/node_modules/.xterm-l0cqKpS3',
88 silly reify   '/data/node_modules/xterm-addon-fit': '/data/node_modules/.xterm-addon-fit-oM58jLr1'
88 silly reify }
89 timing reify:retireShallow Completed in 202ms
90 timing reify:createSparse Completed in 0ms
91 timing reify:loadBundles Completed in 0ms
92 timing reify:unpack Completed in 1ms
93 timing reify:unretire Completed in 14ms
94 timing build:queue Completed in 0ms
95 timing build:deps Completed in 7ms
96 timing build Completed in 9ms
97 timing reify:build Completed in 16ms
98 timing reify:trash Completed in 1187ms
99 timing reify:save Completed in 1304ms
100 timing reify Completed in 9044ms
101 silly REMOVE node_modules/xterm-addon-fit
102 silly REMOVE node_modules/xterm
103 silly REMOVE node_modules/wide-align
104 silly REMOVE node_modules/tunnel-agent
105 silly REMOVE node_modules/tar-stream
106 silly REMOVE node_modules/tar-stream/node_modules/readable-stream
107 silly REMOVE node_modules/tar-stream/node_modules/bl
108 silly REMOVE node_modules/tar-fs
109 silly REMOVE node_modules/strip-json-comments
110 silly REMOVE node_modules/strip-ansi
111 silly REMOVE node_modules/string-width
112 silly REMOVE node_modules/simple-get
113 silly REMOVE node_modules/simple-concat
114 silly REMOVE node_modules/signal-exit
115 silly REMOVE node_modules/set-blocking
116 silly REMOVE node_modules/semver
117 silly REMOVE node_modules/rc
118 silly REMOVE node_modules/prebuild-install
119 silly REMOVE node_modules/number-is-nan
120 silly REMOVE node_modules/npmlog
121 silly REMOVE node_modules/node-red-contrib-xterm
122 silly REMOVE node_modules/node-pty-prebuilt-multiarch
123 silly REMOVE node_modules/node-abi
124 silly REMOVE node_modules/napi-build-utils
125 silly REMOVE node_modules/nan
126 silly REMOVE node_modules/mkdirp-classic
127 silly REMOVE node_modules/mimic-response
128 silly REMOVE node_modules/is-fullwidth-code-point
129 silly REMOVE node_modules/ini
130 silly REMOVE node_modules/has-unicode
131 silly REMOVE node_modules/github-from-package
132 silly REMOVE node_modules/gauge
133 silly REMOVE node_modules/fs-constants
134 silly REMOVE node_modules/expand-template
135 silly REMOVE node_modules/detect-libc
136 silly REMOVE node_modules/delegates
137 silly REMOVE node_modules/deep-extend
138 silly REMOVE node_modules/decompress-response
139 silly REMOVE node_modules/console-control-strings
140 silly REMOVE node_modules/code-point-at
141 silly REMOVE node_modules/chownr
142 silly REMOVE node_modules/are-we-there-yet
143 silly REMOVE node_modules/are-we-there-yet/node_modules/string_decoder
144 silly REMOVE node_modules/are-we-there-yet/node_modules/readable-stream
145 silly REMOVE node_modules/aproba
146 silly REMOVE node_modules/ansi-regex
147 timing command:remove Completed in 9088ms
148 verbose exit 0
149 timing npm Completed in 9788ms
150 info ok
